C:\USERS\LAV\DOCUMENTS\GITHUB\VSW\VLADIMIRSCIENCEWORK\VSWMATH\RELEASE\MATVECTOR2DUNIT.OBJ
C:\USERS\LAV\DOCUMENTS\GITHUB\VSW\VLADIMIRSCIENCEWORK\VSWMATH\RELEASE\MATVECTOR2D.OBJ
C:\USERS\LAV\DOCUMENTS\GITHUB\VSW\VLADIMIRSCIENCEWORK\VSWMATH\RELEASE\MATTRIANGLE.OBJ
C:\USERS\LAV\DOCUMENTS\GITHUB\VSW\VLADIMIRSCIENCEWORK\VSWMATH\RELEASE\MATLINE2DSEGMENT.OBJ
C:\USERS\LAV\DOCUMENTS\GITHUB\VSW\VLADIMIRSCIENCEWORK\VSWMATH\RELEASE\MATLINE2D.OBJ
C:\USERS\LAV\DOCUMENTS\GITHUB\VSW\VLADIMIRSCIENCEWORK\VSWMATH\RELEASE\VC110.PDB
C:\USERS\LAV\DOCUMENTS\GITHUB\VSW\VLADIMIRSCIENCEWORK\RELEASE\VSWMATH.LIB
C:\Users\lav\Documents\GitHub\VSW\VladimirScienceWork\vswMath\Release\matLine2D.obj
C:\Users\lav\Documents\GitHub\VSW\VladimirScienceWork\vswMath\Release\matLine2DSegment.obj
C:\Users\lav\Documents\GitHub\VSW\VladimirScienceWork\vswMath\Release\matTriangle.obj
C:\Users\lav\Documents\GitHub\VSW\VladimirScienceWork\vswMath\Release\matVector2D.obj
C:\Users\lav\Documents\GitHub\VSW\VladimirScienceWork\vswMath\Release\matVector2DUnit.obj
C:\Users\lav\Documents\GitHub\VSW\VladimirScienceWork\vswMath\Release\cl.command.1.tlog
C:\Users\lav\Documents\GitHub\VSW\VladimirScienceWork\vswMath\Release\CL.read.1.tlog
C:\Users\lav\Documents\GitHub\VSW\VladimirScienceWork\vswMath\Release\CL.write.1.tlog
C:\Users\lav\Documents\GitHub\VSW\VladimirScienceWork\vswMath\Release\Lib-link.read.1.tlog
C:\Users\lav\Documents\GitHub\VSW\VladimirScienceWork\vswMath\Release\Lib-link.write.1.tlog
C:\Users\lav\Documents\GitHub\VSW\VladimirScienceWork\vswMath\Release\lib.command.1.tlog
C:\Users\lav\Documents\GitHub\VSW\VladimirScienceWork\vswMath\Release\vc110.pdb
C:\Users\lav\Documents\GitHub\VSW\VladimirScienceWork\Release\vswMath.lib
