Build started 13.10.2013 21:39:54.
     1>Project "c:\Users\lucy\documents\visual studio 2010\Projects\VladimirScienceWork\vswMath\vswMath.vcxproj" on node 2 (rebuild target(s)).
     1>_PrepareForClean:
         Deleting file "Release\vswMath.lastbuildstate".
       InitializeBuildStatus:
         Creating "Release\vswMath.unsuccessfulbuild" because "AlwaysCreate" was specified.
       ClCompile:
         C:\Program Files (x86)\Microsoft Visual Studio 10.0\VC\bin\CL.exe /c /Zi /nologo /W3 /WX- /O2 /Oi /Oy- /GL /D _MBCS /Gm- /EHsc /MD /GS /Gy /fp:precise /Zc:wchar_t /Zc:forScope /Fo"Release\\" /Fd"Release\vc100.pdb" /Gd /TP /analyze- /errorReport:prompt matVector2D.cpp matVector2DUnit.cpp
         matVector2D.cpp
         matVector2DUnit.cpp
       Lib:
         C:\Program Files (x86)\Microsoft Visual Studio 10.0\VC\bin\Lib.exe /OUT:"c:\users\lucy\documents\visual studio 2010\Projects\VladimirScienceWork\Release\vswMath.lib" /NOLOGO /LTCG Release\matVector2D.obj
         Release\matVector2DUnit.obj
         vswMath.vcxproj -> c:\users\lucy\documents\visual studio 2010\Projects\VladimirScienceWork\Release\vswMath.lib
       FinalizeBuildStatus:
         Deleting file "Release\vswMath.unsuccessfulbuild".
         Touching "Release\vswMath.lastbuildstate".
     1>Done Building Project "c:\Users\lucy\documents\visual studio 2010\Projects\VladimirScienceWork\vswMath\vswMath.vcxproj" (rebuild target(s)).

Build succeeded.

Time Elapsed 00:00:01.50
