Build started 13.10.2013 21:39:56.
     1>Project "c:\Users\lucy\documents\visual studio 2010\Projects\VladimirScienceWork\tstMath\tstMath.vcxproj" on node 2 (rebuild target(s)).
     1>_PrepareForClean:
         Deleting file "Release\tstMath.lastbuildstate".
       InitializeBuildStatus:
         Creating "Release\tstMath.unsuccessfulbuild" because "AlwaysCreate" was specified.
       ClCompile:
         C:\Program Files (x86)\Microsoft Visual Studio 10.0\VC\bin\CL.exe /c /Zi /nologo /W3 /WX- /O2 /Oi /Oy- /GL /D _MBCS /Gm- /EHsc /MD /GS /Gy /fp:precise /Zc:wchar_t /Zc:forScope /Fo"Release\\" /Fd"Release\vc100.pdb" /Gd /TP /analyze- /errorReport:prompt tstMain.cpp
         tstMain.cpp
       Link:
         C:\Program Files (x86)\Microsoft Visual Studio 10.0\VC\bin\link.exe /ERRORREPORT:PROMPT /OUT:"c:\users\lucy\documents\visual studio 2010\Projects\VladimirScienceWork\Release\tstMath.exe" /NOLOGO kernel32.lib user32.lib gdi32.lib winspool.lib comdlg32.lib advapi32.lib shell32.lib ole32.lib oleaut32.lib uuid.lib odbc32.lib odbccp32.lib /MANIFEST /ManifestFile:"Release\tstMath.exe.intermediate.manifest" /MANIFESTUAC:"level='asInvoker' uiAccess='false'" /DEBUG /PDB:"c:\users\lucy\documents\visual studio 2010\Projects\VladimirScienceWork\Release\tstMath.pdb" /OPT:REF /OPT:ICF /LTCG /TLBID:1 /DYNAMICBASE /NXCOMPAT /IMPLIB:"c:\users\lucy\documents\visual studio 2010\Projects\VladimirScienceWork\Release\tstMath.lib" /MACHINE:X86 Release\tstMain.obj
         "c:\users\lucy\documents\visual studio 2010\Projects\VladimirScienceWork\Release\vswMath.lib"
         Generating code
         Finished generating code
         tstMath.vcxproj -> c:\users\lucy\documents\visual studio 2010\Projects\VladimirScienceWork\Release\tstMath.exe
       Manifest:
         C:\Program Files (x86)\Microsoft SDKs\Windows\v7.0A\bin\mt.exe /nologo /verbose /outputresource:"c:\users\lucy\documents\visual studio 2010\Projects\VladimirScienceWork\Release\tstMath.exe;#1" /manifest Release\tstMath.exe.intermediate.manifest
       FinalizeBuildStatus:
         Deleting file "Release\tstMath.unsuccessfulbuild".
         Touching "Release\tstMath.lastbuildstate".
     1>Done Building Project "c:\Users\lucy\documents\visual studio 2010\Projects\VladimirScienceWork\tstMath\tstMath.vcxproj" (rebuild target(s)).

Build succeeded.

Time Elapsed 00:00:02.37
