Build started 22.10.2013 23:07:38.
     1>Project "C:\Users\lucy\Documents\GitHub\VSW\VladimirScienceWork\tstMath\tstMath.vcxproj" on node 2 (build target(s)).
     1>InitializeBuildStatus:
         Creating "Debug\tstMath.unsuccessfulbuild" because "AlwaysCreate" was specified.
       ClCompile:
         All outputs are up-to-date.
       Link:
         C:\Program Files (x86)\Microsoft Visual Studio 10.0\VC\bin\link.exe /ERRORREPORT:PROMPT /OUT:"C:\Users\lucy\Documents\GitHub\VSW\VladimirScienceWork\Debug\tstMath.exe" /NOLOGO kernel32.lib user32.lib gdi32.lib winspool.lib comdlg32.lib advapi32.lib shell32.lib ole32.lib oleaut32.lib uuid.lib odbc32.lib odbccp32.lib /MANIFEST /ManifestFile:"Debug\tstMath.exe.intermediate.manifest" /MANIFESTUAC:"level='asInvoker' uiAccess='false'" /DEBUG /PDB:"C:\Users\lucy\Documents\GitHub\VSW\VladimirScienceWork\Debug\tstMath.pdb" /TLBID:1 /DYNAMICBASE /NXCOMPAT /IMPLIB:"C:\Users\lucy\Documents\GitHub\VSW\VladimirScienceWork\Debug\tstMath.lib" /MACHINE:X86 Debug\tstMain.obj
         C:\Users\lucy\Documents\GitHub\VSW\VladimirScienceWork\Debug\vswMath.lib
         C:\Users\lucy\Documents\GitHub\VSW\VladimirScienceWork\Debug\vswGirder.lib
         LINK : C:\Users\lucy\Documents\GitHub\VSW\VladimirScienceWork\Debug\tstMath.exe not found or not built by the last incremental link; performing full link
         tstMath.vcxproj -> C:\Users\lucy\Documents\GitHub\VSW\VladimirScienceWork\Debug\tstMath.exe
       Manifest:
         C:\Program Files (x86)\Microsoft SDKs\Windows\v7.0A\bin\mt.exe /nologo /verbose /outputresource:"C:\Users\lucy\Documents\GitHub\VSW\VladimirScienceWork\Debug\tstMath.exe;#1" /manifest Debug\tstMath.exe.intermediate.manifest
       FinalizeBuildStatus:
         Deleting file "Debug\tstMath.unsuccessfulbuild".
         Touching "Debug\tstMath.lastbuildstate".
     1>Done Building Project "C:\Users\lucy\Documents\GitHub\VSW\VladimirScienceWork\tstMath\tstMath.vcxproj" (build target(s)).

Build succeeded.

Time Elapsed 00:00:01.96
