C:\USERS\LAV\DOCUMENTS\GITHUB\VSW\VLADIMIRSCIENCEWORK\TSTMATH\DEBUG\TSTMAIN.OBJ
C:\USERS\LAV\DOCUMENTS\GITHUB\VSW\VLADIMIRSCIENCEWORK\TSTMATH\DEBUG\VC110.PDB
C:\USERS\LAV\DOCUMENTS\GITHUB\VSW\VLADIMIRSCIENCEWORK\DEBUG\TSTMATH.ILK
C:\USERS\LAV\DOCUMENTS\GITHUB\VSW\VLADIMIRSCIENCEWORK\DEBUG\TSTMATH.EXE
C:\USERS\LAV\DOCUMENTS\GITHUB\VSW\VLADIMIRSCIENCEWORK\DEBUG\TSTMATH.PDB
C:\Users\lav\Documents\GitHub\VSW\VladimirScienceWork\tstMath\Debug\cl.command.1.tlog
C:\Users\lav\Documents\GitHub\VSW\VladimirScienceWork\tstMath\Debug\CL.read.1.tlog
C:\Users\lav\Documents\GitHub\VSW\VladimirScienceWork\tstMath\Debug\CL.write.1.tlog
C:\Users\lav\Documents\GitHub\VSW\VladimirScienceWork\tstMath\Debug\link-cvtres.read.1.tlog
C:\Users\lav\Documents\GitHub\VSW\VladimirScienceWork\tstMath\Debug\link-cvtres.write.1.tlog
C:\Users\lav\Documents\GitHub\VSW\VladimirScienceWork\tstMath\Debug\link-rc.read.1.tlog
C:\Users\lav\Documents\GitHub\VSW\VladimirScienceWork\tstMath\Debug\link-rc.write.1.tlog
C:\Users\lav\Documents\GitHub\VSW\VladimirScienceWork\tstMath\Debug\link.10868-cvtres.read.1.tlog
C:\Users\lav\Documents\GitHub\VSW\VladimirScienceWork\tstMath\Debug\link.10868-cvtres.write.1.tlog
C:\Users\lav\Documents\GitHub\VSW\VladimirScienceWork\tstMath\Debug\link.10868-rc.read.1.tlog
C:\Users\lav\Documents\GitHub\VSW\VladimirScienceWork\tstMath\Debug\link.10868-rc.write.1.tlog
C:\Users\lav\Documents\GitHub\VSW\VladimirScienceWork\tstMath\Debug\link.10868.read.1.tlog
C:\Users\lav\Documents\GitHub\VSW\VladimirScienceWork\tstMath\Debug\link.10868.write.1.tlog
C:\Users\lav\Documents\GitHub\VSW\VladimirScienceWork\tstMath\Debug\link.11192-cvtres.read.1.tlog
C:\Users\lav\Documents\GitHub\VSW\VladimirScienceWork\tstMath\Debug\link.11192-cvtres.write.1.tlog
C:\Users\lav\Documents\GitHub\VSW\VladimirScienceWork\tstMath\Debug\link.11192-rc.read.1.tlog
C:\Users\lav\Documents\GitHub\VSW\VladimirScienceWork\tstMath\Debug\link.11192-rc.write.1.tlog
C:\Users\lav\Documents\GitHub\VSW\VladimirScienceWork\tstMath\Debug\link.11192.read.1.tlog
C:\Users\lav\Documents\GitHub\VSW\VladimirScienceWork\tstMath\Debug\link.11192.write.1.tlog
C:\Users\lav\Documents\GitHub\VSW\VladimirScienceWork\tstMath\Debug\link.11372-cvtres.read.1.tlog
C:\Users\lav\Documents\GitHub\VSW\VladimirScienceWork\tstMath\Debug\link.11372-cvtres.write.1.tlog
C:\Users\lav\Documents\GitHub\VSW\VladimirScienceWork\tstMath\Debug\link.11372-rc.read.1.tlog
C:\Users\lav\Documents\GitHub\VSW\VladimirScienceWork\tstMath\Debug\link.11372-rc.write.1.tlog
C:\Users\lav\Documents\GitHub\VSW\VladimirScienceWork\tstMath\Debug\link.11372.read.1.tlog
C:\Users\lav\Documents\GitHub\VSW\VladimirScienceWork\tstMath\Debug\link.11372.write.1.tlog
C:\Users\lav\Documents\GitHub\VSW\VladimirScienceWork\tstMath\Debug\link.2684-cvtres.read.1.tlog
C:\Users\lav\Documents\GitHub\VSW\VladimirScienceWork\tstMath\Debug\link.2684-cvtres.write.1.tlog
C:\Users\lav\Documents\GitHub\VSW\VladimirScienceWork\tstMath\Debug\link.2684-rc.read.1.tlog
C:\Users\lav\Documents\GitHub\VSW\VladimirScienceWork\tstMath\Debug\link.2684-rc.write.1.tlog
C:\Users\lav\Documents\GitHub\VSW\VladimirScienceWork\tstMath\Debug\link.2684.read.1.tlog
C:\Users\lav\Documents\GitHub\VSW\VladimirScienceWork\tstMath\Debug\link.2684.write.1.tlog
C:\Users\lav\Documents\GitHub\VSW\VladimirScienceWork\tstMath\Debug\link.2832-cvtres.read.1.tlog
C:\Users\lav\Documents\GitHub\VSW\VladimirScienceWork\tstMath\Debug\link.2832-cvtres.write.1.tlog
C:\Users\lav\Documents\GitHub\VSW\VladimirScienceWork\tstMath\Debug\link.2832-rc.read.1.tlog
C:\Users\lav\Documents\GitHub\VSW\VladimirScienceWork\tstMath\Debug\link.2832-rc.write.1.tlog
C:\Users\lav\Documents\GitHub\VSW\VladimirScienceWork\tstMath\Debug\link.2832.read.1.tlog
C:\Users\lav\Documents\GitHub\VSW\VladimirScienceWork\tstMath\Debug\link.2832.write.1.tlog
C:\Users\lav\Documents\GitHub\VSW\VladimirScienceWork\tstMath\Debug\link.3928-cvtres.read.1.tlog
C:\Users\lav\Documents\GitHub\VSW\VladimirScienceWork\tstMath\Debug\link.3928-cvtres.write.1.tlog
C:\Users\lav\Documents\GitHub\VSW\VladimirScienceWork\tstMath\Debug\link.3928-rc.read.1.tlog
C:\Users\lav\Documents\GitHub\VSW\VladimirScienceWork\tstMath\Debug\link.3928-rc.write.1.tlog
C:\Users\lav\Documents\GitHub\VSW\VladimirScienceWork\tstMath\Debug\link.3928.read.1.tlog
C:\Users\lav\Documents\GitHub\VSW\VladimirScienceWork\tstMath\Debug\link.3928.write.1.tlog
C:\Users\lav\Documents\GitHub\VSW\VladimirScienceWork\tstMath\Debug\link.4448-cvtres.read.1.tlog
C:\Users\lav\Documents\GitHub\VSW\VladimirScienceWork\tstMath\Debug\link.4448-cvtres.write.1.tlog
C:\Users\lav\Documents\GitHub\VSW\VladimirScienceWork\tstMath\Debug\link.4448-rc.read.1.tlog
C:\Users\lav\Documents\GitHub\VSW\VladimirScienceWork\tstMath\Debug\link.4448-rc.write.1.tlog
C:\Users\lav\Documents\GitHub\VSW\VladimirScienceWork\tstMath\Debug\link.4448.read.1.tlog
C:\Users\lav\Documents\GitHub\VSW\VladimirScienceWork\tstMath\Debug\link.4448.write.1.tlog
C:\Users\lav\Documents\GitHub\VSW\VladimirScienceWork\tstMath\Debug\link.5300-cvtres.read.1.tlog
C:\Users\lav\Documents\GitHub\VSW\VladimirScienceWork\tstMath\Debug\link.5300-cvtres.write.1.tlog
C:\Users\lav\Documents\GitHub\VSW\VladimirScienceWork\tstMath\Debug\link.5300-rc.read.1.tlog
C:\Users\lav\Documents\GitHub\VSW\VladimirScienceWork\tstMath\Debug\link.5300-rc.write.1.tlog
C:\Users\lav\Documents\GitHub\VSW\VladimirScienceWork\tstMath\Debug\link.5300.read.1.tlog
C:\Users\lav\Documents\GitHub\VSW\VladimirScienceWork\tstMath\Debug\link.5300.write.1.tlog
C:\Users\lav\Documents\GitHub\VSW\VladimirScienceWork\tstMath\Debug\link.command.1.tlog
C:\Users\lav\Documents\GitHub\VSW\VladimirScienceWork\tstMath\Debug\link.read.1.tlog
C:\Users\lav\Documents\GitHub\VSW\VladimirScienceWork\tstMath\Debug\link.write.1.tlog
C:\Users\lav\Documents\GitHub\VSW\VladimirScienceWork\tstMath\Debug\vc110.idb
C:\Users\lav\Documents\GitHub\VSW\VladimirScienceWork\tstMath\Debug\vc110.pdb
C:\Users\lav\Documents\GitHub\VSW\VladimirScienceWork\Debug\tstMath.pdb
C:\Users\lav\Documents\GitHub\VSW\VladimirScienceWork\Debug\tstMath.exe
C:\Users\lav\Documents\GitHub\VSW\VladimirScienceWork\Debug\tstMath.ilk
