C:\USERS\LAV\DOCUMENTS\GITHUB\VSW\VLADIMIRSCIENCEWORK\VSWMATH\DEBUG\MATLINE2D.OBJ
C:\USERS\LAV\DOCUMENTS\GITHUB\VSW\VLADIMIRSCIENCEWORK\VSWMATH\DEBUG\MATLINE2DSEGMENT.OBJ
C:\USERS\LAV\DOCUMENTS\GITHUB\VSW\VLADIMIRSCIENCEWORK\VSWMATH\DEBUG\MATTRIANGLE.OBJ
C:\USERS\LAV\DOCUMENTS\GITHUB\VSW\VLADIMIRSCIENCEWORK\VSWMATH\DEBUG\MATVECTOR2D.OBJ
C:\USERS\LAV\DOCUMENTS\GITHUB\VSW\VLADIMIRSCIENCEWORK\VSWMATH\DEBUG\MATVECTOR2DUNIT.OBJ
C:\USERS\LAV\DOCUMENTS\GITHUB\VSW\VLADIMIRSCIENCEWORK\VSWMATH\DEBUG\VC110.PDB
C:\USERS\LAV\DOCUMENTS\GITHUB\VSW\VLADIMIRSCIENCEWORK\DEBUG\VSWMATH.LIB
C:\Users\lav\Documents\GitHub\VSW\VladimirScienceWork\vswMath\Debug\matLine2D.obj
C:\Users\lav\Documents\GitHub\VSW\VladimirScienceWork\vswMath\Debug\matLine2DSegment.obj
C:\Users\lav\Documents\GitHub\VSW\VladimirScienceWork\vswMath\Debug\matTriangle.obj
C:\Users\lav\Documents\GitHub\VSW\VladimirScienceWork\vswMath\Debug\matVector2D.obj
C:\Users\lav\Documents\GitHub\VSW\VladimirScienceWork\vswMath\Debug\matVector2DUnit.obj
C:\Users\lav\Documents\GitHub\VSW\VladimirScienceWork\vswMath\Debug\cl.command.1.tlog
C:\Users\lav\Documents\GitHub\VSW\VladimirScienceWork\vswMath\Debug\CL.read.1.tlog
C:\Users\lav\Documents\GitHub\VSW\VladimirScienceWork\vswMath\Debug\CL.write.1.tlog
C:\Users\lav\Documents\GitHub\VSW\VladimirScienceWork\vswMath\Debug\Lib-link.read.1.tlog
C:\Users\lav\Documents\GitHub\VSW\VladimirScienceWork\vswMath\Debug\Lib-link.write.1.tlog
C:\Users\lav\Documents\GitHub\VSW\VladimirScienceWork\vswMath\Debug\lib.command.1.tlog
C:\Users\lav\Documents\GitHub\VSW\VladimirScienceWork\vswMath\Debug\vc110.idb
C:\Users\lav\Documents\GitHub\VSW\VladimirScienceWork\vswMath\Debug\vc110.pdb
C:\Users\lav\Documents\GitHub\VSW\VladimirScienceWork\Debug\vswMath.lib
